<html>
<head>
<title>TestNG:  Surefire test</title>
<link href="../testng.css" rel="stylesheet" type="text/css" />
<link href="../my-testng.css" rel="stylesheet" type="text/css" />

<style type="text/css">
.log { display: none;} 
.stack-trace { display: none;} 
</style>
<script type="text/javascript">
<!--
function flip(e) {
  current = e.style.display;
  if (current == 'block') {
    e.style.display = 'none';
    return 0;
  }
  else {
    e.style.display = 'block';
    return 1;
  }
}

function toggleBox(szDivId, elem, msg1, msg2)
{
  var res = -1;  if (document.getElementById) {
    res = flip(document.getElementById(szDivId));
  }
  else if (document.all) {
    // this is the way old msie versions work
    res = flip(document.all[szDivId]);
  }
  if(elem) {
    if(res == 0) elem.innerHTML = msg1; else elem.innerHTML = msg2;
  }

}

function toggleAllBoxes() {
  if (document.getElementsByTagName) {
    d = document.getElementsByTagName('div');
    for (i = 0; i < d.length; i++) {
      if (d[i].className == 'log') {
        flip(d[i]);
      }
    }
  }
}

// -->
</script>

</head>
<body>
<h2 align='center'>Surefire test</h2><table border='1' align="center">
<tr>
<td>Tests passed/Failed/Skipped:</td><td>16/3/0</td>
</tr><tr>
<td>Started on:</td><td>Thu Sep 22 00:05:32 EET 2022</td>
</tr>
<tr><td>Total time:</td><td>267 seconds (267766 ms)</td>
</tr><tr>
<td>Included groups:</td><td></td>
</tr><tr>
<td>Excluded groups:</td><td></td>
</tr>
</table><p/>
<small><i>(Hover the method name to see the test class name)</i></small><p/>
<table width='100%' border='1' class='invocation-failed'>
<tr><td colspan='4' align='center'><b>FAILED TESTS</b></td></tr>
<tr><td><b>Test method</b></td>
<td width="30%"><b>Exception</b></td>
<td width="10%"><b>Time (seconds)</b></td>
<td><b>Instance</b></td>
</tr>
<tr>
<td title='org.example.testRunner.runner.runScenario()'><b>runScenario</b><br>Test class: org.example.testRunner.runner<br>Test method: Runs Cucumber Scenarios<br>Parameters: "second slider is clickable on home page", "Automate two sliders at home page"</td>
<td><div><pre>java.lang.AssertionError: expected [ https://demo.nopcommerce.com/iphone-6] but found [https://demo.nopcommerce.com/]
	at org.example.pages.pomHomeSlider.AssertionWithURLLinkSecondScenario(pomHomeSlider.java:38)
	at org.example.stepDef.HomeSlider.assertionWithURLLinkSecondScenario(HomeSlider.java:34)
	at ?.Assertion with URL link second scenario(file:///C:/Users/CompuCity/IdeaProjects/EcommerceApp/src/main/resources/features/F-HomeSlider.feature:12)
... Removed 6 stack frames</pre></div><a href='#' onClick='toggleBox("stack-trace386153220", this, "Click to show all stack frames", "Click to hide stack frames")'>Click to show all stack frames</a>
<div class='stack-trace' id='stack-trace386153220'><pre>java.lang.AssertionError: expected [ https://demo.nopcommerce.com/iphone-6] but found [https://demo.nopcommerce.com/]
	at org.testng.Assert.fail(Assert.java:110)
	at org.testng.Assert.failNotEquals(Assert.java:1413)
	at org.testng.Assert.assertEqualsImpl(Assert.java:149)
	at org.testng.Assert.assertEquals(Assert.java:131)
	at org.testng.Assert.assertEquals(Assert.java:655)
	at org.testng.Assert.assertEquals(Assert.java:665)
	at org.example.pages.pomHomeSlider.AssertionWithURLLinkSecondScenario(pomHomeSlider.java:38)
	at org.example.stepDef.HomeSlider.assertionWithURLLinkSecondScenario(HomeSlider.java:34)
	at ?.Assertion with URL link second scenario(file:///C:/Users/CompuCity/IdeaProjects/EcommerceApp/src/main/resources/features/F-HomeSlider.feature:12)
</pre></div></td>
<td>11</td>
<td>org.example.testRunner.runner@42f93a98</td></tr>
<tr>
<td title='org.example.testRunner.runner.runScenario()'><b>runScenario</b><br>Test class: org.example.testRunner.runner<br>Test method: Runs Cucumber Scenarios<br>Parameters: "using rss tab", "follow us"</td>
<td><div><pre>java.lang.AssertionError: expected [https://demo.nopcommerce.com/new-online-store-is-open] but found [https://demo.nopcommerce.com/news/rss/1]
	at org.example.stepDef.FollowUs.assertionWithUrlLinkOnRssTab(FollowUs.java:63)
	at ?.Assertion with Url link on rss tab(file:///C:/Users/CompuCity/IdeaProjects/EcommerceApp/src/main/resources/features/G-FollowUs.feature:16)
... Removed 6 stack frames</pre></div><a href='#' onClick='toggleBox("stack-trace1497444850", this, "Click to show all stack frames", "Click to hide stack frames")'>Click to show all stack frames</a>
<div class='stack-trace' id='stack-trace1497444850'><pre>java.lang.AssertionError: expected [https://demo.nopcommerce.com/new-online-store-is-open] but found [https://demo.nopcommerce.com/news/rss/1]
	at org.testng.Assert.fail(Assert.java:110)
	at org.testng.Assert.failNotEquals(Assert.java:1413)
	at org.testng.Assert.assertEqualsImpl(Assert.java:149)
	at org.testng.Assert.assertEquals(Assert.java:131)
	at org.testng.Assert.assertEquals(Assert.java:655)
	at org.testng.Assert.assertEquals(Assert.java:665)
	at org.example.stepDef.FollowUs.assertionWithUrlLinkOnRssTab(FollowUs.java:63)
	at ?.Assertion with Url link on rss tab(file:///C:/Users/CompuCity/IdeaProjects/EcommerceApp/src/main/resources/features/G-FollowUs.feature:16)
</pre></div></td>
<td>13</td>
<td>org.example.testRunner.runner@42f93a98</td></tr>
<tr>
<td title='org.example.testRunner.runner.runScenario()'><b>runScenario</b><br>Test class: org.example.testRunner.runner<br>Test method: Runs Cucumber Scenarios<br>Parameters: "first slider is clickable on home page", "Automate two sliders at home page"</td>
<td><div><pre>java.lang.AssertionError: expected [https://demo.nopcommerce.com/nokia-lumia-1020] but found [https://demo.nopcommerce.com/]
	at org.example.pages.pomHomeSlider.AssertionWithURLLinkFirstScenario(pomHomeSlider.java:33)
	at org.example.stepDef.HomeSlider.assertionWithURLLinkFirstScenario(HomeSlider.java:19)
	at ?.Assertion with URL link first scenario(file:///C:/Users/CompuCity/IdeaProjects/EcommerceApp/src/main/resources/features/F-HomeSlider.feature:5)
... Removed 6 stack frames</pre></div><a href='#' onClick='toggleBox("stack-trace1291832417", this, "Click to show all stack frames", "Click to hide stack frames")'>Click to show all stack frames</a>
<div class='stack-trace' id='stack-trace1291832417'><pre>java.lang.AssertionError: expected [https://demo.nopcommerce.com/nokia-lumia-1020] but found [https://demo.nopcommerce.com/]
	at org.testng.Assert.fail(Assert.java:110)
	at org.testng.Assert.failNotEquals(Assert.java:1413)
	at org.testng.Assert.assertEqualsImpl(Assert.java:149)
	at org.testng.Assert.assertEquals(Assert.java:131)
	at org.testng.Assert.assertEquals(Assert.java:655)
	at org.testng.Assert.assertEquals(Assert.java:665)
	at org.example.pages.pomHomeSlider.AssertionWithURLLinkFirstScenario(pomHomeSlider.java:33)
	at org.example.stepDef.HomeSlider.assertionWithURLLinkFirstScenario(HomeSlider.java:19)
	at ?.Assertion with URL link first scenario(file:///C:/Users/CompuCity/IdeaProjects/EcommerceApp/src/main/resources/features/F-HomeSlider.feature:5)
</pre></div></td>
<td>11</td>
<td>org.example.testRunner.runner@42f93a98</td></tr>
</table><p>
<table width='100%' border='1' class='invocation-passed'>
<tr><td colspan='4' align='center'><b>PASSED TESTS</b></td></tr>
<tr><td><b>Test method</b></td>
<td width="30%"><b>Exception</b></td>
<td width="10%"><b>Time (seconds)</b></td>
<td><b>Instance</b></td>
</tr>
<tr>
<td title='org.example.testRunner.runner.runScenario()'><b>runScenario</b><br>Test class: org.example.testRunner.runner<br>Test method: Runs Cucumber Scenarios<br>Parameters: "Click on wishlist button of HTC one M8 android and assert the color of message", "Adding items to wishlist"</td>
<td></td>
<td>13</td>
<td>org.example.testRunner.runner@42f93a98</td></tr>
<tr>
<td title='org.example.testRunner.runner.runScenario()'><b>runScenario</b><br>Test class: org.example.testRunner.runner<br>Test method: Runs Cucumber Scenarios<br>Parameters: "search with sku", "search for products with different parameters"</td>
<td></td>
<td>13</td>
<td>org.example.testRunner.runner@42f93a98</td></tr>
<tr>
<td title='org.example.testRunner.runner.runScenario()'><b>runScenario</b><br>Test class: org.example.testRunner.runner<br>Test method: Runs Cucumber Scenarios<br>Parameters: "using twitter tab", "follow us"</td>
<td></td>
<td>15</td>
<td>org.example.testRunner.runner@42f93a98</td></tr>
<tr>
<td title='org.example.testRunner.runner.runScenario()'><b>runScenario</b><br>Test class: org.example.testRunner.runner<br>Test method: Runs Cucumber Scenarios<br>Parameters: "user could login with valid email and password", "users could use login functionality to use their accounts"</td>
<td></td>
<td>15</td>
<td>org.example.testRunner.runner@42f93a98</td></tr>
<tr>
<td title='org.example.testRunner.runner.runScenario()'><b>runScenario</b><br>Test class: org.example.testRunner.runner<br>Test method: Runs Cucumber Scenarios<br>Parameters: "user could login with invalid email and password", "users could use login functionality to use their accounts"</td>
<td></td>
<td>11</td>
<td>org.example.testRunner.runner@42f93a98</td></tr>
<tr>
<td title='org.example.testRunner.runner.runScenario()'><b>runScenario</b><br>Test class: org.example.testRunner.runner<br>Test method: Runs Cucumber Scenarios<br>Parameters: "user could register with valid data successfully", "users could register with new account"</td>
<td></td>
<td>19</td>
<td>org.example.testRunner.runner@42f93a98</td></tr>
<tr>
<td title='org.example.testRunner.runner.runScenario()'><b>runScenario</b><br>Test class: org.example.testRunner.runner<br>Test method: Runs Cucumber Scenarios<br>Parameters: "hover on one of main categories then click on", "hover on  main categories"</td>
<td></td>
<td>12</td>
<td>org.example.testRunner.runner@42f93a98</td></tr>
<tr>
<td title='org.example.testRunner.runner.runScenario()'><b>runScenario</b><br>Test class: org.example.testRunner.runner<br>Test method: Runs Cucumber Scenarios<br>Parameters: "search with product name", "search for products with different parameters"</td>
<td></td>
<td>11</td>
<td>org.example.testRunner.runner@42f93a98</td></tr>
<tr>
<td title='org.example.testRunner.runner.runScenario()'><b>runScenario</b><br>Test class: org.example.testRunner.runner<br>Test method: Runs Cucumber Scenarios<br>Parameters: "search with product name", "search for products with different parameters"</td>
<td></td>
<td>11</td>
<td>org.example.testRunner.runner@42f93a98</td></tr>
<tr>
<td title='org.example.testRunner.runner.runScenario()'><b>runScenario</b><br>Test class: org.example.testRunner.runner<br>Test method: Runs Cucumber Scenarios<br>Parameters: "using facebook tab", "follow us"</td>
<td></td>
<td>14</td>
<td>org.example.testRunner.runner@42f93a98</td></tr>
<tr>
<td title='org.example.testRunner.runner.runScenario()'><b>runScenario</b><br>Test class: org.example.testRunner.runner<br>Test method: Runs Cucumber Scenarios<br>Parameters: "search with sku", "search for products with different parameters"</td>
<td></td>
<td>14</td>
<td>org.example.testRunner.runner@42f93a98</td></tr>
<tr>
<td title='org.example.testRunner.runner.runScenario()'><b>runScenario</b><br>Test class: org.example.testRunner.runner<br>Test method: Runs Cucumber Scenarios<br>Parameters: "search with sku", "search for products with different parameters"</td>
<td></td>
<td>13</td>
<td>org.example.testRunner.runner@42f93a98</td></tr>
<tr>
<td title='org.example.testRunner.runner.runScenario()'><b>runScenario</b><br>Test class: org.example.testRunner.runner<br>Test method: Runs Cucumber Scenarios<br>Parameters: "using youtube tab", "follow us"</td>
<td></td>
<td>17</td>
<td>org.example.testRunner.runner@42f93a98</td></tr>
<tr>
<td title='org.example.testRunner.runner.runScenario()'><b>runScenario</b><br>Test class: org.example.testRunner.runner<br>Test method: Runs Cucumber Scenarios<br>Parameters: "User could select euro", "Currey Testing"</td>
<td></td>
<td>11</td>
<td>org.example.testRunner.runner@42f93a98</td></tr>
<tr>
<td title='org.example.testRunner.runner.runScenario()'><b>runScenario</b><br>Test class: org.example.testRunner.runner<br>Test method: Runs Cucumber Scenarios<br>Parameters: "search with product name", "search for products with different parameters"</td>
<td></td>
<td>13</td>
<td>org.example.testRunner.runner@42f93a98</td></tr>
<tr>
<td title='org.example.testRunner.runner.runScenario()'><b>runScenario</b><br>Test class: org.example.testRunner.runner<br>Test method: Runs Cucumber Scenarios<br>Parameters: "Get Qty value at wishlist", "Adding items to wishlist"</td>
<td></td>
<td>20</td>
<td>org.example.testRunner.runner@42f93a98</td></tr>
</table><p>
</body>
</html>