<?xml version="1.0" encoding="UTF-8"?>
<!-- Generated by org.testng.reporters.JUnitReportReporter -->
<testsuite skipped="0" hostname="DESKTOP-VB46E51" name="org.example.testRunner.runner" tests="19" failures="3" timestamp="2022-09-22T00:10:00 EET" time="266.682" errors="0">
  <testcase name="runScenario" time="11.833" classname="org.example.testRunner.runner">
    <failure type="java.lang.AssertionError" message="expected [ https://demo.nopcommerce.com/iphone-6] but found [https://demo.nopcommerce.com/]">
      <![CDATA[java.lang.AssertionError: expected [ https://demo.nopcommerce.com/iphone-6] but found [https://demo.nopcommerce.com/]
at org.testng.Assert.fail(Assert.java:110)
at org.testng.Assert.failNotEquals(Assert.java:1413)
at org.testng.Assert.assertEqualsImpl(Assert.java:149)
at org.testng.Assert.assertEquals(Assert.java:131)
at org.testng.Assert.assertEquals(Assert.java:655)
at org.testng.Assert.assertEquals(Assert.java:665)
at org.example.pages.pomHomeSlider.AssertionWithURLLinkSecondScenario(pomHomeSlider.java:38)
at org.example.stepDef.HomeSlider.assertionWithURLLinkSecondScenario(HomeSlider.java:34)
at ✽.Assertion with URL link second scenario(file:///C:/Users/CompuCity/IdeaProjects/EcommerceApp/src/main/resources/features/F-HomeSlider.feature:12)
]]>
    </failure>
  </testcase> <!-- runScenario -->
  <system-out/>
  <testcase name="runScenario" time="13.156" classname="org.example.testRunner.runner"/>
  <system-out/>
  <testcase name="runScenario" time="13.733" classname="org.example.testRunner.runner"/>
  <system-out/>
  <testcase name="runScenario" time="15.089" classname="org.example.testRunner.runner"/>
  <system-out/>
  <testcase name="runScenario" time="15.345" classname="org.example.testRunner.runner"/>
  <system-out/>
  <testcase name="runScenario" time="11.922" classname="org.example.testRunner.runner"/>
  <system-out/>
  <testcase name="runScenario" time="19.243" classname="org.example.testRunner.runner"/>
  <system-out/>
  <testcase name="runScenario" time="12.829" classname="org.example.testRunner.runner"/>
  <system-out/>
  <testcase name="runScenario" time="13.108" classname="org.example.testRunner.runner">
    <failure type="java.lang.AssertionError" message="expected [https://demo.nopcommerce.com/new-online-store-is-open] but found [https://demo.nopcommerce.com/news/rss/1]">
      <![CDATA[java.lang.AssertionError: expected [https://demo.nopcommerce.com/new-online-store-is-open] but found [https://demo.nopcommerce.com/news/rss/1]
at org.testng.Assert.fail(Assert.java:110)
at org.testng.Assert.failNotEquals(Assert.java:1413)
at org.testng.Assert.assertEqualsImpl(Assert.java:149)
at org.testng.Assert.assertEquals(Assert.java:131)
at org.testng.Assert.assertEquals(Assert.java:655)
at org.testng.Assert.assertEquals(Assert.java:665)
at org.example.stepDef.FollowUs.assertionWithUrlLinkOnRssTab(FollowUs.java:63)
at ✽.Assertion with Url link on rss tab(file:///C:/Users/CompuCity/IdeaProjects/EcommerceApp/src/main/resources/features/G-FollowUs.feature:16)
]]>
    </failure>
  </testcase> <!-- runScenario -->
  <system-out/>
  <testcase name="runScenario" time="11.732" classname="org.example.testRunner.runner"/>
  <system-out/>
  <testcase name="runScenario" time="11.788" classname="org.example.testRunner.runner"/>
  <system-out/>
  <testcase name="runScenario" time="14.215" classname="org.example.testRunner.runner"/>
  <system-out/>
  <testcase name="runScenario" time="14.371" classname="org.example.testRunner.runner"/>
  <system-out/>
  <testcase name="runScenario" time="13.303" classname="org.example.testRunner.runner"/>
  <system-out/>
  <testcase name="runScenario" time="17.881" classname="org.example.testRunner.runner"/>
  <system-out/>
  <testcase name="runScenario" time="11.665" classname="org.example.testRunner.runner">
    <failure type="java.lang.AssertionError" message="expected [https://demo.nopcommerce.com/nokia-lumia-1020] but found [https://demo.nopcommerce.com/]">
      <![CDATA[java.lang.AssertionError: expected [https://demo.nopcommerce.com/nokia-lumia-1020] but found [https://demo.nopcommerce.com/]
at org.testng.Assert.fail(Assert.java:110)
at org.testng.Assert.failNotEquals(Assert.java:1413)
at org.testng.Assert.assertEqualsImpl(Assert.java:149)
at org.testng.Assert.assertEquals(Assert.java:131)
at org.testng.Assert.assertEquals(Assert.java:655)
at org.testng.Assert.assertEquals(Assert.java:665)
at org.example.pages.pomHomeSlider.AssertionWithURLLinkFirstScenario(pomHomeSlider.java:33)
at org.example.stepDef.HomeSlider.assertionWithURLLinkFirstScenario(HomeSlider.java:19)
at ✽.Assertion with URL link first scenario(file:///C:/Users/CompuCity/IdeaProjects/EcommerceApp/src/main/resources/features/F-HomeSlider.feature:5)
]]>
    </failure>
  </testcase> <!-- runScenario -->
  <system-out/>
  <testcase name="runScenario" time="11.483" classname="org.example.testRunner.runner"/>
  <system-out/>
  <testcase name="runScenario" time="13.464" classname="org.example.testRunner.runner"/>
  <system-out/>
  <testcase name="runScenario" time="20.522" classname="org.example.testRunner.runner"/>
  <system-out/>
</testsuite> <!-- org.example.testRunner.runner -->
